This is pdfTeX, Version 3.14159265-2.6-1.40.18 (TeX Live 2017/Debian) (preloaded format=pdflatex 2018.11.22)  25 MAY 2020 19:40
entering extended mode
 restricted \write18 enabled.
 %&-line parsing enabled.
**EjemploAnalisisMicroarrays.tex
(./EjemploAnalisisMicroarrays.tex
LaTeX2e <2017-04-15>
Babel <3.18> and hyphenation patterns for 3 language(s) loaded.
(/usr/share/texlive/texmf-dist/tex/latex/base/article.cls
Document Class: article 2014/09/29 v1.4h Standard LaTeX document class
(/usr/share/texlive/texmf-dist/tex/latex/base/size10.clo
File: size10.clo 2014/09/29 v1.4h Standard LaTeX file (size option)
)
\c@part=\count79
\c@section=\count80
\c@subsection=\count81
\c@subsubsection=\count82
\c@paragraph=\count83
\c@subparagraph=\count84
\c@figure=\count85
\c@table=\count86
\abovecaptionskip=\skip41
\belowcaptionskip=\skip42
\bibindent=\dimen102
)
(/usr/share/texlive/texmf-dist/tex/latex/graphics/graphicx.sty
Package: graphicx 2017/06/01 v1.1a Enhanced LaTeX Graphics (DPC,SPQR)

(/usr/share/texlive/texmf-dist/tex/latex/graphics/keyval.sty
Package: keyval 2014/10/28 v1.15 key=value parser (DPC)
\KV@toks@=\toks14
)
(/usr/share/texlive/texmf-dist/tex/latex/graphics/graphics.sty
Package: graphics 2017/06/25 v1.2c Standard LaTeX Graphics (DPC,SPQR)

(/usr/share/texlive/texmf-dist/tex/latex/graphics/trig.sty
Package: trig 2016/01/03 v1.10 sin cos tan (DPC)
)
(/usr/share/texlive/texmf-dist/tex/latex/graphics-cfg/graphics.cfg
File: graphics.cfg 2016/06/04 v1.11 sample graphics configuration
)
Package graphics Info: Driver file: pdftex.def on input line 99.

(/usr/share/texlive/texmf-dist/tex/latex/graphics-def/pdftex.def
File: pdftex.def 2018/01/08 v1.0l Graphics/color driver for pdftex
))
\Gin@req@height=\dimen103
\Gin@req@width=\dimen104
)
(/usr/share/texlive/texmf-dist/tex/latex/graphics/color.sty
Package: color 2016/07/10 v1.1e Standard LaTeX Color (DPC)

(/usr/share/texlive/texmf-dist/tex/latex/graphics-cfg/color.cfg
File: color.cfg 2016/01/02 v1.6 sample color configuration
)
Package color Info: Driver file: pdftex.def on input line 147.
)
(/usr/share/texlive/texmf-dist/tex/latex/framed/framed.sty
Package: framed 2011/10/22 v 0.96: framed or shaded text with page breaks
\OuterFrameSep=\skip43
\fb@frw=\dimen105
\fb@frh=\dimen106
\FrameRule=\dimen107
\FrameSep=\dimen108
)
(/usr/share/texlive/texmf-dist/tex/latex/base/alltt.sty
Package: alltt 1997/06/16 v2.0g defines alltt environment
)
(/usr/share/texlive/texmf-dist/tex/latex/hyperref/hyperref.sty
Package: hyperref 2018/02/06 v6.86b Hypertext links for LaTeX

(/usr/share/texlive/texmf-dist/tex/generic/oberdiek/hobsub-hyperref.sty
Package: hobsub-hyperref 2016/05/16 v1.14 Bundle oberdiek, subset hyperref (HO)


(/usr/share/texlive/texmf-dist/tex/generic/oberdiek/hobsub-generic.sty
Package: hobsub-generic 2016/05/16 v1.14 Bundle oberdiek, subset generic (HO)
Package: hobsub 2016/05/16 v1.14 Construct package bundles (HO)
Package: infwarerr 2016/05/16 v1.4 Providing info/warning/error messages (HO)
Package: ltxcmds 2016/05/16 v1.23 LaTeX kernel commands for general use (HO)
Package: ifluatex 2016/05/16 v1.4 Provides the ifluatex switch (HO)
Package ifluatex Info: LuaTeX not detected.
Package: ifvtex 2016/05/16 v1.6 Detect VTeX and its facilities (HO)
Package ifvtex Info: VTeX not detected.
Package: intcalc 2016/05/16 v1.2 Expandable calculations with integers (HO)
Package: ifpdf 2017/03/15 v3.2 Provides the ifpdf switch
Package: etexcmds 2016/05/16 v1.6 Avoid name clashes with e-TeX commands (HO)
Package etexcmds Info: Could not find \expanded.
(etexcmds)             That can mean that you are not using pdfTeX 1.50 or
(etexcmds)             that some package has redefined \expanded.
(etexcmds)             In the latter case, load this package earlier.
Package: kvsetkeys 2016/05/16 v1.17 Key value parser (HO)
Package: kvdefinekeys 2016/05/16 v1.4 Define keys (HO)
Package: pdftexcmds 2018/01/21 v0.26 Utility functions of pdfTeX for LuaTeX (HO
)
Package pdftexcmds Info: LuaTeX not detected.
Package pdftexcmds Info: \pdf@primitive is available.
Package pdftexcmds Info: \pdf@ifprimitive is available.
Package pdftexcmds Info: \pdfdraftmode found.
Package: pdfescape 2016/05/16 v1.14 Implements pdfTeX's escape features (HO)
Package: bigintcalc 2016/05/16 v1.4 Expandable calculations on big integers (HO
)
Package: bitset 2016/05/16 v1.2 Handle bit-vector datatype (HO)
Package: uniquecounter 2016/05/16 v1.3 Provide unlimited unique counter (HO)
)
Package hobsub Info: Skipping package `hobsub' (already loaded).
Package: letltxmacro 2016/05/16 v1.5 Let assignment for LaTeX macros (HO)
Package: hopatch 2016/05/16 v1.3 Wrapper for package hooks (HO)
Package: xcolor-patch 2016/05/16 xcolor patch
Package: atveryend 2016/05/16 v1.9 Hooks at the very end of document (HO)
Package atveryend Info: \enddocument detected (standard20110627).
Package: atbegshi 2016/06/09 v1.18 At begin shipout hook (HO)
Package: refcount 2016/05/16 v3.5 Data extraction from label references (HO)
Package: hycolor 2016/05/16 v1.8 Color options for hyperref/bookmark (HO)
)
(/usr/share/texlive/texmf-dist/tex/generic/ifxetex/ifxetex.sty
Package: ifxetex 2010/09/12 v0.6 Provides ifxetex conditional
)
(/usr/share/texlive/texmf-dist/tex/latex/oberdiek/auxhook.sty
Package: auxhook 2016/05/16 v1.4 Hooks for auxiliary files (HO)
)
(/usr/share/texlive/texmf-dist/tex/latex/oberdiek/kvoptions.sty
Package: kvoptions 2016/05/16 v3.12 Key value format for package options (HO)
)
\@linkdim=\dimen109
\Hy@linkcounter=\count87
\Hy@pagecounter=\count88

(/usr/share/texlive/texmf-dist/tex/latex/hyperref/pd1enc.def
File: pd1enc.def 2018/02/06 v6.86b Hyperref: PDFDocEncoding definition (HO)
)
\Hy@SavedSpaceFactor=\count89

(/usr/share/texlive/texmf-dist/tex/latex/latexconfig/hyperref.cfg
File: hyperref.cfg 2002/06/06 v1.2 hyperref configuration of TeXLive
)
Package hyperref Info: Hyper figures OFF on input line 4509.
Package hyperref Info: Link nesting OFF on input line 4514.
Package hyperref Info: Hyper index ON on input line 4517.
Package hyperref Info: Plain pages OFF on input line 4524.
Package hyperref Info: Backreferencing OFF on input line 4529.
Package hyperref Info: Implicit mode ON; LaTeX internals redefined.
Package hyperref Info: Bookmarks ON on input line 4762.
\c@Hy@tempcnt=\count90

(/usr/share/texlive/texmf-dist/tex/latex/url/url.sty
\Urlmuskip=\muskip10
Package: url 2013/09/16  ver 3.4  Verb mode for urls, etc.
)
LaTeX Info: Redefining \url on input line 5115.
\XeTeXLinkMargin=\dimen110
\Fld@menulength=\count91
\Field@Width=\dimen111
\Fld@charsize=\dimen112
Package hyperref Info: Hyper figures OFF on input line 6369.
Package hyperref Info: Link nesting OFF on input line 6374.
Package hyperref Info: Hyper index ON on input line 6377.
Package hyperref Info: backreferencing OFF on input line 6384.
Package hyperref Info: Link coloring OFF on input line 6389.
Package hyperref Info: Link coloring with OCG OFF on input line 6394.
Package hyperref Info: PDF/A mode OFF on input line 6399.
LaTeX Info: Redefining \ref on input line 6439.
LaTeX Info: Redefining \pageref on input line 6443.
\Hy@abspage=\count92
\c@Item=\count93
\c@Hfootnote=\count94
)
Package hyperref Info: Driver (autodetected): hpdftex.

(/usr/share/texlive/texmf-dist/tex/latex/hyperref/hpdftex.def
File: hpdftex.def 2018/02/06 v6.86b Hyperref driver for pdfTeX
\Fld@listcount=\count95
\c@bookmark@seq@number=\count96

(/usr/share/texlive/texmf-dist/tex/latex/oberdiek/rerunfilecheck.sty
Package: rerunfilecheck 2016/05/16 v1.8 Rerun checks for auxiliary files (HO)
Package uniquecounter Info: New unique counter `rerunfilecheck' on input line 2
82.
)
\Hy@SectionHShift=\skip44
)
(/usr/share/texlive/texmf-dist/tex/latex/tools/longtable.sty
Package: longtable 2014/10/28 v4.11 Multi-page Table package (DPC)
\LTleft=\skip45
\LTright=\skip46
\LTpre=\skip47
\LTpost=\skip48
\LTchunksize=\count97
\LTcapwidth=\dimen113
\LT@head=\box26
\LT@firsthead=\box27
\LT@foot=\box28
\LT@lastfoot=\box29
\LT@cols=\count98
\LT@rows=\count99
\c@LT@tables=\count100
\c@LT@chunks=\count101
\LT@p@ftn=\toks15
)
(/usr/share/texlive/texmf-dist/tex/latex/base/inputenc.sty
Package: inputenc 2015/03/17 v1.2c Input encoding file
\inpenc@prehook=\toks16
\inpenc@posthook=\toks17

(/usr/share/texlive/texmf-dist/tex/latex/base/utf8.def
File: utf8.def 2017/01/28 v1.1t UTF-8 support for inputenc
Now handling font encoding OML ...
... no UTF-8 mapping file for font encoding OML
Now handling font encoding T1 ...
... processing UTF-8 mapping file for font encoding T1

(/usr/share/texlive/texmf-dist/tex/latex/base/t1enc.dfu
File: t1enc.dfu 2017/01/28 v1.1t UTF-8 support for inputenc
   defining Unicode char U+00A0 (decimal 160)
   defining Unicode char U+00A1 (decimal 161)
   defining Unicode char U+00A3 (decimal 163)
   defining Unicode char U+00AB (decimal 171)
   defining Unicode char U+00AD (decimal 173)
   defining Unicode char U+00BB (decimal 187)
   defining Unicode char U+00BF (decimal 191)
   defining Unicode char U+00C0 (decimal 192)
   defining Unicode char U+00C1 (decimal 193)
   defining Unicode char U+00C2 (decimal 194)
   defining Unicode char U+00C3 (decimal 195)
   defining Unicode char U+00C4 (decimal 196)
   defining Unicode char U+00C5 (decimal 197)
   defining Unicode char U+00C6 (decimal 198)
   defining Unicode char U+00C7 (decimal 199)
   defining Unicode char U+00C8 (decimal 200)
   defining Unicode char U+00C9 (decimal 201)
   defining Unicode char U+00CA (decimal 202)
   defining Unicode char U+00CB (decimal 203)
   defining Unicode char U+00CC (decimal 204)
   defining Unicode char U+00CD (decimal 205)
   defining Unicode char U+00CE (decimal 206)
   defining Unicode char U+00CF (decimal 207)
   defining Unicode char U+00D0 (decimal 208)
   defining Unicode char U+00D1 (decimal 209)
   defining Unicode char U+00D2 (decimal 210)
   defining Unicode char U+00D3 (decimal 211)
   defining Unicode char U+00D4 (decimal 212)
   defining Unicode char U+00D5 (decimal 213)
   defining Unicode char U+00D6 (decimal 214)
   defining Unicode char U+00D8 (decimal 216)
   defining Unicode char U+00D9 (decimal 217)
   defining Unicode char U+00DA (decimal 218)
   defining Unicode char U+00DB (decimal 219)
   defining Unicode char U+00DC (decimal 220)
   defining Unicode char U+00DD (decimal 221)
   defining Unicode char U+00DE (decimal 222)
   defining Unicode char U+00DF (decimal 223)
   defining Unicode char U+00E0 (decimal 224)
   defining Unicode char U+00E1 (decimal 225)
   defining Unicode char U+00E2 (decimal 226)
   defining Unicode char U+00E3 (decimal 227)
   defining Unicode char U+00E4 (decimal 228)
   defining Unicode char U+00E5 (decimal 229)
   defining Unicode char U+00E6 (decimal 230)
   defining Unicode char U+00E7 (decimal 231)
   defining Unicode char U+00E8 (decimal 232)
   defining Unicode char U+00E9 (decimal 233)
   defining Unicode char U+00EA (decimal 234)
   defining Unicode char U+00EB (decimal 235)
   defining Unicode char U+00EC (decimal 236)
   defining Unicode char U+00ED (decimal 237)
   defining Unicode char U+00EE (decimal 238)
   defining Unicode char U+00EF (decimal 239)
   defining Unicode char U+00F0 (decimal 240)
   defining Unicode char U+00F1 (decimal 241)
   defining Unicode char U+00F2 (decimal 242)
   defining Unicode char U+00F3 (decimal 243)
   defining Unicode char U+00F4 (decimal 244)
   defining Unicode char U+00F5 (decimal 245)
   defining Unicode char U+00F6 (decimal 246)
   defining Unicode char U+00F8 (decimal 248)
   defining Unicode char U+00F9 (decimal 249)
   defining Unicode char U+00FA (decimal 250)
   defining Unicode char U+00FB (decimal 251)
   defining Unicode char U+00FC (decimal 252)
   defining Unicode char U+00FD (decimal 253)
   defining Unicode char U+00FE (decimal 254)
   defining Unicode char U+00FF (decimal 255)
   defining Unicode char U+0100 (decimal 256)
   defining Unicode char U+0101 (decimal 257)
   defining Unicode char U+0102 (decimal 258)
   defining Unicode char U+0103 (decimal 259)
   defining Unicode char U+0104 (decimal 260)
   defining Unicode char U+0105 (decimal 261)
   defining Unicode char U+0106 (decimal 262)
   defining Unicode char U+0107 (decimal 263)
   defining Unicode char U+0108 (decimal 264)
   defining Unicode char U+0109 (decimal 265)
   defining Unicode char U+010A (decimal 266)
   defining Unicode char U+010B (decimal 267)
   defining Unicode char U+010C (decimal 268)
   defining Unicode char U+010D (decimal 269)
   defining Unicode char U+010E (decimal 270)
   defining Unicode char U+010F (decimal 271)
   defining Unicode char U+0110 (decimal 272)
   defining Unicode char U+0111 (decimal 273)
   defining Unicode char U+0112 (decimal 274)
   defining Unicode char U+0113 (decimal 275)
   defining Unicode char U+0114 (decimal 276)
   defining Unicode char U+0115 (decimal 277)
   defining Unicode char U+0116 (decimal 278)
   defining Unicode char U+0117 (decimal 279)
   defining Unicode char U+0118 (decimal 280)
   defining Unicode char U+0119 (decimal 281)
   defining Unicode char U+011A (decimal 282)
   defining Unicode char U+011B (decimal 283)
   defining Unicode char U+011C (decimal 284)
   defining Unicode char U+011D (decimal 285)
   defining Unicode char U+011E (decimal 286)
   defining Unicode char U+011F (decimal 287)
   defining Unicode char U+0120 (decimal 288)
   defining Unicode char U+0121 (decimal 289)
   defining Unicode char U+0122 (decimal 290)
   defining Unicode char U+0123 (decimal 291)
   defining Unicode char U+0124 (decimal 292)
   defining Unicode char U+0125 (decimal 293)
   defining Unicode char U+0128 (decimal 296)
   defining Unicode char U+0129 (decimal 297)
   defining Unicode char U+012A (decimal 298)
   defining Unicode char U+012B (decimal 299)
   defining Unicode char U+012C (decimal 300)
   defining Unicode char U+012D (decimal 301)
   defining Unicode char U+012E (decimal 302)
   defining Unicode char U+012F (decimal 303)
   defining Unicode char U+0130 (decimal 304)
   defining Unicode char U+0131 (decimal 305)
   defining Unicode char U+0132 (decimal 306)
   defining Unicode char U+0133 (decimal 307)
   defining Unicode char U+0134 (decimal 308)
   defining Unicode char U+0135 (decimal 309)
   defining Unicode char U+0136 (decimal 310)
   defining Unicode char U+0137 (decimal 311)
   defining Unicode char U+0139 (decimal 313)
   defining Unicode char U+013A (decimal 314)
   defining Unicode char U+013B (decimal 315)
   defining Unicode char U+013C (decimal 316)
   defining Unicode char U+013D (decimal 317)
   defining Unicode char U+013E (decimal 318)
   defining Unicode char U+0141 (decimal 321)
   defining Unicode char U+0142 (decimal 322)
   defining Unicode char U+0143 (decimal 323)
   defining Unicode char U+0144 (decimal 324)
   defining Unicode char U+0145 (decimal 325)
   defining Unicode char U+0146 (decimal 326)
   defining Unicode char U+0147 (decimal 327)
   defining Unicode char U+0148 (decimal 328)
   defining Unicode char U+014A (decimal 330)
   defining Unicode char U+014B (decimal 331)
   defining Unicode char U+014C (decimal 332)
   defining Unicode char U+014D (decimal 333)
   defining Unicode char U+014E (decimal 334)
   defining Unicode char U+014F (decimal 335)
   defining Unicode char U+0150 (decimal 336)
   defining Unicode char U+0151 (decimal 337)
   defining Unicode char U+0152 (decimal 338)
   defining Unicode char U+0153 (decimal 339)
   defining Unicode char U+0154 (decimal 340)
   defining Unicode char U+0155 (decimal 341)
   defining Unicode char U+0156 (decimal 342)
   defining Unicode char U+0157 (decimal 343)
   defining Unicode char U+0158 (decimal 344)
   defining Unicode char U+0159 (decimal 345)
   defining Unicode char U+015A (decimal 346)
   defining Unicode char U+015B (decimal 347)
   defining Unicode char U+015C (decimal 348)
   defining Unicode char U+015D (decimal 349)
   defining Unicode char U+015E (decimal 350)
   defining Unicode char U+015F (decimal 351)
   defining Unicode char U+0160 (decimal 352)
   defining Unicode char U+0161 (decimal 353)
   defining Unicode char U+0162 (decimal 354)
   defining Unicode char U+0163 (decimal 355)
   defining Unicode char U+0164 (decimal 356)
   defining Unicode char U+0165 (decimal 357)
   defining Unicode char U+0168 (decimal 360)
   defining Unicode char U+0169 (decimal 361)
   defining Unicode char U+016A (decimal 362)
   defining Unicode char U+016B (decimal 363)
   defining Unicode char U+016C (decimal 364)
   defining Unicode char U+016D (decimal 365)
   defining Unicode char U+016E (decimal 366)
   defining Unicode char U+016F (decimal 367)
   defining Unicode char U+0170 (decimal 368)
   defining Unicode char U+0171 (decimal 369)
   defining Unicode char U+0172 (decimal 370)
   defining Unicode char U+0173 (decimal 371)
   defining Unicode char U+0174 (decimal 372)
   defining Unicode char U+0175 (decimal 373)
   defining Unicode char U+0176 (decimal 374)
   defining Unicode char U+0177 (decimal 375)
   defining Unicode char U+0178 (decimal 376)
   defining Unicode char U+0179 (decimal 377)
   defining Unicode char U+017A (decimal 378)
   defining Unicode char U+017B (decimal 379)
   defining Unicode char U+017C (decimal 380)
   defining Unicode char U+017D (decimal 381)
   defining Unicode char U+017E (decimal 382)
   defining Unicode char U+01CD (decimal 461)
   defining Unicode char U+01CE (decimal 462)
   defining Unicode char U+01CF (decimal 463)
   defining Unicode char U+01D0 (decimal 464)
   defining Unicode char U+01D1 (decimal 465)
   defining Unicode char U+01D2 (decimal 466)
   defining Unicode char U+01D3 (decimal 467)
   defining Unicode char U+01D4 (decimal 468)
   defining Unicode char U+01E2 (decimal 482)
   defining Unicode char U+01E3 (decimal 483)
   defining Unicode char U+01E6 (decimal 486)
   defining Unicode char U+01E7 (decimal 487)
   defining Unicode char U+01E8 (decimal 488)
   defining Unicode char U+01E9 (decimal 489)
   defining Unicode char U+01EA (decimal 490)
   defining Unicode char U+01EB (decimal 491)
   defining Unicode char U+01F0 (decimal 496)
   defining Unicode char U+01F4 (decimal 500)
   defining Unicode char U+01F5 (decimal 501)
   defining Unicode char U+0218 (decimal 536)
   defining Unicode char U+0219 (decimal 537)
   defining Unicode char U+021A (decimal 538)
   defining Unicode char U+021B (decimal 539)
   defining Unicode char U+0232 (decimal 562)
   defining Unicode char U+0233 (decimal 563)
   defining Unicode char U+1E02 (decimal 7682)
   defining Unicode char U+1E03 (decimal 7683)
   defining Unicode char U+200C (decimal 8204)
   defining Unicode char U+2010 (decimal 8208)
   defining Unicode char U+2011 (decimal 8209)
   defining Unicode char U+2012 (decimal 8210)
   defining Unicode char U+2013 (decimal 8211)
   defining Unicode char U+2014 (decimal 8212)
   defining Unicode char U+2015 (decimal 8213)
   defining Unicode char U+2018 (decimal 8216)
   defining Unicode char U+2019 (decimal 8217)
   defining Unicode char U+201A (decimal 8218)
   defining Unicode char U+201C (decimal 8220)
   defining Unicode char U+201D (decimal 8221)
   defining Unicode char U+201E (decimal 8222)
   defining Unicode char U+2030 (decimal 8240)
   defining Unicode char U+2031 (decimal 8241)
   defining Unicode char U+2039 (decimal 8249)
   defining Unicode char U+203A (decimal 8250)
   defining Unicode char U+2423 (decimal 9251)
   defining Unicode char U+1E20 (decimal 7712)
   defining Unicode char U+1E21 (decimal 7713)
)
Now handling font encoding OT1 ...
... processing UTF-8 mapping file for font encoding OT1

(/usr/share/texlive/texmf-dist/tex/latex/base/ot1enc.dfu
File: ot1enc.dfu 2017/01/28 v1.1t UTF-8 support for inputenc
   defining Unicode char U+00A0 (decimal 160)
   defining Unicode char U+00A1 (decimal 161)
   defining Unicode char U+00A3 (decimal 163)
   defining Unicode char U+00AD (decimal 173)
   defining Unicode char U+00B8 (decimal 184)
   defining Unicode char U+00BF (decimal 191)
   defining Unicode char U+00C5 (decimal 197)
   defining Unicode char U+00C6 (decimal 198)
   defining Unicode char U+00D8 (decimal 216)
   defining Unicode char U+00DF (decimal 223)
   defining Unicode char U+00E6 (decimal 230)
   defining Unicode char U+00EC (decimal 236)
   defining Unicode char U+00ED (decimal 237)
   defining Unicode char U+00EE (decimal 238)
   defining Unicode char U+00EF (decimal 239)
   defining Unicode char U+00F8 (decimal 248)
   defining Unicode char U+0131 (decimal 305)
   defining Unicode char U+0141 (decimal 321)
   defining Unicode char U+0142 (decimal 322)
   defining Unicode char U+0152 (decimal 338)
   defining Unicode char U+0153 (decimal 339)
   defining Unicode char U+0174 (decimal 372)
   defining Unicode char U+0175 (decimal 373)
   defining Unicode char U+0176 (decimal 374)
   defining Unicode char U+0177 (decimal 375)
   defining Unicode char U+0218 (decimal 536)
   defining Unicode char U+0219 (decimal 537)
   defining Unicode char U+021A (decimal 538)
   defining Unicode char U+021B (decimal 539)
   defining Unicode char U+2013 (decimal 8211)
   defining Unicode char U+2014 (decimal 8212)
   defining Unicode char U+2018 (decimal 8216)
   defining Unicode char U+2019 (decimal 8217)
   defining Unicode char U+201C (decimal 8220)
   defining Unicode char U+201D (decimal 8221)
)
Now handling font encoding OMS ...
... processing UTF-8 mapping file for font encoding OMS

(/usr/share/texlive/texmf-dist/tex/latex/base/omsenc.dfu
File: omsenc.dfu 2017/01/28 v1.1t UTF-8 support for inputenc
   defining Unicode char U+00A7 (decimal 167)
   defining Unicode char U+00B6 (decimal 182)
   defining Unicode char U+00B7 (decimal 183)
   defining Unicode char U+2020 (decimal 8224)
   defining Unicode char U+2021 (decimal 8225)
   defining Unicode char U+2022 (decimal 8226)
)
Now handling font encoding OMX ...
... no UTF-8 mapping file for font encoding OMX
Now handling font encoding U ...
... no UTF-8 mapping file for font encoding U
Now handling font encoding PD1 ...
... no UTF-8 mapping file for font encoding PD1
   defining Unicode char U+00A9 (decimal 169)
   defining Unicode char U+00AA (decimal 170)
   defining Unicode char U+00AE (decimal 174)
   defining Unicode char U+00BA (decimal 186)
   defining Unicode char U+02C6 (decimal 710)
   defining Unicode char U+02DC (decimal 732)
   defining Unicode char U+200C (decimal 8204)
   defining Unicode char U+2026 (decimal 8230)
   defining Unicode char U+2122 (decimal 8482)
   defining Unicode char U+2423 (decimal 9251)
))
(/usr/share/texlive/texmf-dist/tex/latex/underscore/underscore.sty
Package: underscore 2006/09/13
LaTeX Info: Redefining \_ on input line 42.
)
(/usr/share/texlive/texmf-dist/tex/latex/upquote/upquote.sty
Package: upquote 2012/04/19 v1.3 upright-quote and grave-accent glyphs in verba
tim
)
(./EjemploAnalisisMicroarrays.aux)
\openout1 = `EjemploAnalisisMicroarrays.aux'.

LaTeX Font Info:    Checking defaults for OML/cmm/m/it on input line 76.
LaTeX Font Info:    ... okay on input line 76.
LaTeX Font Info:    Checking defaults for T1/cmr/m/n on input line 76.
LaTeX Font Info:    ... okay on input line 76.
LaTeX Font Info:    Checking defaults for OT1/cmr/m/n on input line 76.
LaTeX Font Info:    ... okay on input line 76.
LaTeX Font Info:    Checking defaults for OMS/cmsy/m/n on input line 76.
LaTeX Font Info:    ... okay on input line 76.
LaTeX Font Info:    Checking defaults for OMX/cmex/m/n on input line 76.
LaTeX Font Info:    ... okay on input line 76.
LaTeX Font Info:    Checking defaults for U/cmr/m/n on input line 76.
LaTeX Font Info:    ... okay on input line 76.
LaTeX Font Info:    Checking defaults for PD1/pdf/m/n on input line 76.
LaTeX Font Info:    ... okay on input line 76.

(/usr/share/texlive/texmf-dist/tex/context/base/mkii/supp-pdf.mkii
[Loading MPS to PDF converter (version 2006.09.02).]
\scratchcounter=\count102
\scratchdimen=\dimen114
\scratchbox=\box30
\nofMPsegments=\count103
\nofMParguments=\count104
\everyMPshowfont=\toks18
\MPscratchCnt=\count105
\MPscratchDim=\dimen115
\MPnumerator=\count106
\makeMPintoPDFobject=\count107
\everyMPtoPDFconversion=\toks19
) (/usr/share/texlive/texmf-dist/tex/latex/oberdiek/epstopdf-base.sty
Package: epstopdf-base 2016/05/15 v2.6 Base part for package epstopdf

(/usr/share/texlive/texmf-dist/tex/latex/oberdiek/grfext.sty
Package: grfext 2016/05/16 v1.2 Manage graphics extensions (HO)
)
Package epstopdf-base Info: Redefining graphics rule for `.eps' on input line 4
38.
Package grfext Info: Graphics extension search list:
(grfext)             [.pdf,.png,.jpg,.mps,.jpeg,.jbig2,.jb2,.PDF,.PNG,.JPG,.JPE
G,.JBIG2,.JB2,.eps]
(grfext)             \AppendGraphicsExtensions on input line 456.

(/usr/share/texlive/texmf-dist/tex/latex/latexconfig/epstopdf-sys.cfg
File: epstopdf-sys.cfg 2010/07/13 v1.3 Configuration of (r)epstopdf for TeX Liv
e
))
\AtBeginShipoutBox=\box31
Package hyperref Info: Link coloring OFF on input line 76.

(/usr/share/texlive/texmf-dist/tex/latex/hyperref/nameref.sty
Package: nameref 2016/05/21 v2.44 Cross-referencing by name of section

(/usr/share/texlive/texmf-dist/tex/generic/oberdiek/gettitlestring.sty
Package: gettitlestring 2016/05/16 v1.5 Cleanup title references (HO)
)
\c@section@level=\count108
)
LaTeX Info: Redefining \ref on input line 76.
LaTeX Info: Redefining \pageref on input line 76.
LaTeX Info: Redefining \nameref on input line 76.

(./EjemploAnalisisMicroarrays.out) (./EjemploAnalisisMicroarrays.out)
\@outlinefile=\write3
\openout3 = `EjemploAnalisisMicroarrays.out'.

LaTeX Font Info:    External font `cmex10' loaded for size
(Font)              <12> on input line 82.
LaTeX Font Info:    External font `cmex10' loaded for size
(Font)              <8> on input line 82.
LaTeX Font Info:    External font `cmex10' loaded for size
(Font)              <6> on input line 82.

(./EjemploAnalisisMicroarrays.toc
LaTeX Font Info:    External font `cmex10' loaded for size
(Font)              <7> on input line 2.
LaTeX Font Info:    External font `cmex10' loaded for size
(Font)              <5> on input line 2.

Overfull \hbox (6.0107pt too wide) in paragraph at lines 13--13
 [] [][]\OT1/cmr/bx/n/10 Preprocesado: Ex-plo-raci^^Son, Con-trol de Cal-i-dad 
y Nor-mal-izaci^^Son[] []  
 []


! Package inputenc Error: Keyboard character used is undefined
(inputenc)                in inputencoding `utf8'.

See the inputenc package documentation for explanation.
Type  H <return>  for immediate help.
 ...                                              
                                                  
l.26 ...diferencialmente}{22}{subsubsection.5.1.2}
                                                  
You need to provide a definition with \DeclareInputText 
or \DeclareInputMath before using this key.


! Package inputenc Error: Keyboard character used is undefined
(inputenc)                in inputencoding `utf8'.

See the inputenc package documentation for explanation.
Type  H <return>  for immediate help.
 ...                                              
                                                  
l.26 ...diferencialmente}{22}{subsubsection.5.1.2}
                                                  
You need to provide a definition with \DeclareInputText 
or \DeclareInputMath before using this key.

[1

{/var/lib/texmf/fonts/map/pdftex/updmap/pdftex.map}])
\tf@toc=\write4
\openout4 = `EjemploAnalisisMicroarrays.toc'.

LaTeX Font Info:    Try loading font information for OMS+cmr on input line 99.

(/usr/share/texlive/texmf-dist/tex/latex/base/omscmr.fd
File: omscmr.fd 2014/09/29 v2.5h Standard LaTeX font definitions
)
LaTeX Font Info:    Font shape `OMS/cmr/m/n' in size <10> not available
(Font)              Font shape `OMS/cmsy/m/n' tried instead on input line 99.
 [2]
<images/analysisProcess.png, id=220, 615.29875pt x 485.815pt>
File: images/analysisProcess.png Graphic file (type png)
<use images/analysisProcess.png>
Package pdftex.def Info: images/analysisProcess.png  used on input line 113.
(pdftex.def)             Requested size: 256.0748pt x 202.18767pt.
 [3 <./images/analysisProcess.png (PNG copy)>]
Overfull \hbox (12.25056pt too wide) in paragraph at lines 134--136
[]\OT1/cmr/m/n/10 Los genes m^^Sas rel-e-vantes de cada com-paraci^^Son se re-s
altaron uti-lizando ``volcano-
 []

Package color Info: Redefining color shadecolor on input line 154.
[4]
Overfull \hbox (17.24684pt too wide) in paragraph at lines 167--167
[]\OT1/cmtt/m/n/10 ## Warning: Package 'KEGG.db' is deprecated and will be remo
ved from
 []


Overfull \hbox (14.94806pt too wide) in paragraph at lines 186--187
\OT1/cmr/m/n/10 art^^S^^Pculo de Farmer ([[]]) \OT1/cmr/m/it/10 et alt.\OT1/cmr
/m/n/10 ([]$\OT1/cmtt/m/n/10 http : / / www . ncbi . nlm . nih . gov / pubmed /
 15897907$[]\OT1/cmr/m/n/10 )
 []

Package color Info: Redefining color shadecolor on input line 196.
LaTeX Font Info:    Font shape `OT1/cmtt/bx/n' in size <10> not available
(Font)              Font shape `OT1/cmtt/m/n' tried instead on input line 198.
[5]
Package color Info: Redefining color shadecolor on input line 215.

Overfull \hbox (134.48195pt too wide) in paragraph at lines 217--217
[][]\OT1/cmtt/m/it/10 # muestras <- read.csv2(file.path(dataDir, "Asignacion_de
_muestras_a_grupos.csv"),  head=T)[][] 
 []


Overfull \hbox (3.2331pt too wide) in paragraph at lines 223--223
[][]\OT1/cmtt/m/it/10 # write.table(alAnalisis, file=file.path(dataDir, "target
s.txt"), [][] 
 []

LaTeX Font Info:    Try loading font information for OMS+cmtt on input line 224
.
(/usr/share/R/share/texmf/tex/latex/omscmtt.fd
File: omscmtt.fd 
)
LaTeX Font Info:    Font shape `OMS/cmtt/m/it' in size <10> not available
(Font)              Font shape `OMS/cmsy/m/n' tried instead on input line 224.

Underfull \vbox (badness 10000) detected at line 262
 []

[6]
Package color Info: Redefining color shadecolor on input line 268.

Overfull \hbox (27.74675pt too wide) in paragraph at lines 271--271
[][]\OT1/cmtt/m/n/10 sampleInfo[] []<-[] []read.AnnotatedDataFrame[][]([][]file
.path[][](dataDir,[][]"targets.txt"[][]),[][] 
 []

LaTeX Font Info:    Font shape `OMS/cmtt/m/n' in size <10> not available
(Font)              Font shape `OMS/cmsy/m/n' tried instead on input line 272.

Overfull \hbox (17.24684pt too wide) in paragraph at lines 274--274
[][]\OT1/cmtt/m/n/10 rawData[] []<-[] []read.affybatch[][]([][]filenames[][]=[]
[]file.path[][](celfilesDir,fileNames),[][] 
 []


Overfull \hbox (59.24648pt too wide) in paragraph at lines 280--281
[]\OT1/cmtt/m/n/10 ## Warning: replacing previous import 'AnnotationDbi::tail' 
by 'utils::tail'
 []


Overfull \hbox (59.24648pt too wide) in paragraph at lines 282--283
[]\OT1/cmtt/m/n/10 ## Warning: replacing previous import 'AnnotationDbi::head' 
by 'utils::head'
 []

[7]
Package color Info: Redefining color shadecolor on input line 333.
<images/graficplotHist-1.pdf, id=276, 505.89pt x 505.89pt>
File: images/graficplotHist-1.pdf Graphic file (type pdf)
<use images/graficplotHist-1.pdf>
Package pdftex.def Info: images/graficplotHist-1.pdf  used on input line 334.
(pdftex.def)             Requested size: 345.0pt x 345.00414pt.
Package color Info: Redefining color shadecolor on input line 345.

Overfull \hbox (17.24684pt too wide) in paragraph at lines 347--347
[][]\OT1/cmtt/m/n/10 boxplot[][](rawData,[] []cex.axis[][]=[][]0.6[][],[] []col
[][]=colores,[] []las[][]=[][]2[][],[] []names[][]=sampleNames,[][] 
 []

<images/graficboxplot-1.pdf, id=277, 505.89pt x 505.89pt>
File: images/graficboxplot-1.pdf Graphic file (type pdf)
<use images/graficboxplot-1.pdf>
Package pdftex.def Info: images/graficboxplot-1.pdf  used on input line 351.
(pdftex.def)             Requested size: 345.0pt x 345.00414pt.
Package color Info: Redefining color shadecolor on input line 361.

Overfull \hbox (53.99652pt too wide) in paragraph at lines 363--363
[][]\OT1/cmtt/m/n/10 plotPCA[] []<-[] []function[] []([] []X[][],[] []labels[][
]=[][]NULL[][],[] []colors[][]=[][]NULL[][],[] []dataDesc[][]=[][]""[][],[] []s
cale[][]=[][]FALSE[][])[][] 
 []


Overfull \hbox (95.99615pt too wide) in paragraph at lines 373--373
[]  []\OT1/cmtt/m/n/10 title[][]([][]paste[][]([][]"Plot of first 2 PCs for exp
ressions in"[][], dataDesc,[] []sep[][]=[][]" "[][]),[] []cex[][]=[][]0.8[][])[
][] 
 []

Package color Info: Redefining color shadecolor on input line 382.

Overfull \hbox (32.9967pt too wide) in paragraph at lines 384--384
[][]\OT1/cmtt/m/n/10 plotPCA[][]([][]exprs[][](rawData),[] []labels[][]=sampleN
ames,[] []dataDesc[][]=[][]"selected samples"[][])[][] 
 []

<images/graficplotPCA2D-1.pdf, id=278, 505.89pt x 505.89pt>
File: images/graficplotPCA2D-1.pdf Graphic file (type pdf)
<use images/graficplotPCA2D-1.pdf>
Package pdftex.def Info: images/graficplotPCA2D-1.pdf  used on input line 387.
(pdftex.def)             Requested size: 345.0pt x 345.00414pt.
Package color Info: Redefining color shadecolor on input line 399.
<images/graficdistAnalisis-1.pdf, id=279, 505.89pt x 505.89pt>
File: images/graficdistAnalisis-1.pdf Graphic file (type pdf)
<use images/graficdistAnalisis-1.pdf>
Package pdftex.def Info: images/graficdistAnalisis-1.pdf  used on input line 40
5.
(pdftex.def)             Requested size: 345.0pt x 345.00414pt.
[8] [9 <./images/graficplotHist-1.pdf>] [10 <./images/graficboxplot-1.pdf>]
[11 <./images/graficplotPCA2D-1.pdf>] [12 <./images/graficdistAnalisis-1.pdf>]
Package color Info: Redefining color shadecolor on input line 421.
<images/graficplotDendro-1.pdf, id=330, 505.89pt x 505.89pt>
File: images/graficplotDendro-1.pdf Graphic file (type pdf)
<use images/graficplotDendro-1.pdf>
Package pdftex.def Info: images/graficplotDendro-1.pdf  used on input line 422.

(pdftex.def)             Requested size: 345.0pt x 345.00414pt.
Package color Info: Redefining color shadecolor on input line 435.

[13 <./images/graficplotDendro-1.pdf>]
Overfull \hbox (6.74693pt too wide) in paragraph at lines 440--440
[]                    []\OT1/cmtt/m/n/10 outdir[] []=[] []file.path[][](results
Dir,[] []"arrayQuality"[][]),[][] 
 []


Overfull \hbox (32.9967pt too wide) in paragraph at lines 445--445
[]\OT1/cmtt/m/it/10 ## The report will be written into directory 'C:/Users/Alex
andre/Dropbox
 []


Overfull \hbox (11.99689pt too wide) in paragraph at lines 445--445
\OT1/cmtt/m/it/10 (VHIR)/SotaCV/Ejemplo_-de_-MDA_-con_-Bioconductor/results/arr
ayQuality'.[] 
 []

Package color Info: Redefining color shadecolor on input line 468.
Package color Info: Redefining color shadecolor on input line 485.

Overfull \hbox (74.99634pt too wide) in paragraph at lines 487--487
[][]\OT1/cmtt/m/n/10 boxplot[][](eset_rma,[][]main[][]=[][]"RMA"[][],[] []names
[][]=sampleNames,[] []cex.axis[][]=[][]0.7[][],[] []col[][]=colores,[][]las[][]
=[][]2[][])[][] 
 []

<images/graficnormBoxPlot-1.pdf, id=343, 505.89pt x 505.89pt>
File: images/graficnormBoxPlot-1.pdf Graphic file (type pdf)
<use images/graficnormBoxPlot-1.pdf>
Package pdftex.def Info: images/graficnormBoxPlot-1.pdf  used on input line 490
.
(pdftex.def)             Requested size: 345.0pt x 345.00414pt.
[14] [15 <./images/graficnormBoxPlot-1.pdf>]
Package color Info: Redefining color shadecolor on input line 504.

Overfull \hbox (1.49698pt too wide) in paragraph at lines 508--508
[][]\OT1/cmtt/m/n/10 plot[][]([][]1[][]:[][]length[][](sdsO), sdsO,[] []main[][
]=[][]"Global variation over all genes"[][])[][] 
 []

<images/graficvariancePlot-1.pdf, id=359, 505.89pt x 505.89pt>
File: images/graficvariancePlot-1.pdf Graphic file (type pdf)
<use images/graficvariancePlot-1.pdf>
Package pdftex.def Info: images/graficvariancePlot-1.pdf  used on input line 51
1.
(pdftex.def)             Requested size: 345.0pt x 345.00414pt.

Overfull \hbox (15.0pt too wide) in paragraph at lines 511--512
[][] 
 []

Package color Info: Redefining color shadecolor on input line 521.
[16 <./images/graficvariancePlot-1.pdf>]
Overfull \hbox (8.94388pt too wide) in paragraph at lines 532--533
[]\OT1/cmr/m/n/10 La funci^^Son \OT1/cmtt/m/n/10 nsFilter \OT1/cmr/m/n/10 de-vu
elve los val-ores fil-tra-dos en un ob-jeto \OT1/cmtt/m/n/10 expressionSet
 []

Package color Info: Redefining color shadecolor on input line 535.
Package color Info: Redefining color shadecolor on input line 583.

Overfull \hbox (53.99652pt too wide) in paragraph at lines 585--585
[][]\OT1/cmtt/m/n/10 shortNames[][]<-[] []paste[][]([][]pData[][](eset_rma)[][]
$[][]Group,[] []pData[][](eset_rma)[][]$[][]SampleIDs,[][]sep[][]=[][]"."[][])[
][] 
 []


Overfull \hbox (6.74693pt too wide) in paragraph at lines 586--586
[][]\OT1/cmtt/m/n/10 sum[][]([][]rownames[][]([][]pData[][](eset_filtered))[][]
!=[][]colnames[][]([][]exprs[][](eset_filtered)))[][] 
 []


Overfull \hbox (27.74675pt too wide) in paragraph at lines 592--592
[][]\OT1/cmtt/m/n/10 colnames[][]([][]exprs[][](eset_filtered))[][]<-[] []colna
mes[][]([][]exprs[][](eset_rma))[][]<-[] []shortNames[][] 
 []


Overfull \hbox (27.74675pt too wide) in paragraph at lines 596--596
[]\OT1/cmtt/m/n/10 ## Error in (function (od, vd) : object and replacement valu
e dimnames
 []


Overfull \hbox (59.24648pt too wide) in paragraph at lines 597--597
[][]\OT1/cmtt/m/n/10 write.csv2[][]([][]exprs[][](eset_rma),[] []file.path[][](
resultsDir,[] []"Datos.Normalizados.csv2"[][]))[][] 
 []


Overfull \hbox (137.99579pt too wide) in paragraph at lines 598--598
[][]\OT1/cmtt/m/n/10 write.csv2[][]([][]exprs[][](eset_filtered),[] []file.path
[][](resultsDir,[] []"Datos.Normalizados.Filtrados.csv2"[][]))[][] 
 []


Overfull \hbox (90.7462pt too wide) in paragraph at lines 599--599
[][]\OT1/cmtt/m/n/10 save[][](eset_rma, eset_filtered,[] []file[][]=[][]file.pa
th[][](resultsDir,[] []"datos.normalizados.Rda"[][]))[][] 
 []

[17]
! Undefined control sequence.
l.620  \Rpack
             {genefilter} que calcula los estadísticos de test para cada fi...
The control sequence at the end of the top line
of your error message was never \def'ed. If you have
misspelled it (e.g., `\hobx'), type `I' and the correct
spelling (e.g., `I\hbox'). Otherwise just continue,
and I'll forget about whatever was undefined.

Package color Info: Redefining color shadecolor on input line 630.

Overfull \hbox (27.74675pt too wide) in paragraph at lines 658--658
[]\OT1/cmtt/m/n/10 ##                Sample             Ids SampleIDs Group Apo
crine.grade[] 
 []


Overfull \hbox (27.74675pt too wide) in paragraph at lines 658--658
[]\OT1/cmtt/m/n/10 ## GSM26878.CEL GSM26878 PF14 EnPnT2N1G2      PF14     A    
          3[] 
 []


Overfull \hbox (27.74675pt too wide) in paragraph at lines 658--658
[]\OT1/cmtt/m/n/10 ## GSM26883.CEL GSM26883 PF19 EnPuT4N0Gu      PF19     A    
          2[] 
 []


Overfull \hbox (27.74675pt too wide) in paragraph at lines 658--658
[]\OT1/cmtt/m/n/10 ## GSM26887.CEL GSM26887 PF23 EnPnT2N0G2      PF23     A    
          3[] 
 []


Overfull \hbox (27.74675pt too wide) in paragraph at lines 658--658
[]\OT1/cmtt/m/n/10 ## GSM26903.CEL GSM26903 PF39 EnPuT4N0Gu      PF39     A    
          3[] 
 []


Overfull \hbox (27.74675pt too wide) in paragraph at lines 658--658
[]\OT1/cmtt/m/n/10 ## GSM26910.CEL GSM26910 PF46 EnPnT4N1G3      PF46     A    
          3[] 
 []


Overfull \hbox (27.74675pt too wide) in paragraph at lines 658--658
[]\OT1/cmtt/m/n/10 ## GSM26888.CEL GSM26888 PF24 EnPnTiN0G3      PF24     B    
          2[] 
 []


Overfull \hbox (27.74675pt too wide) in paragraph at lines 658--658
[]\OT1/cmtt/m/n/10 ## GSM26889.CEL GSM26889 PF25 EnPnT3N2G2      PF25     B    
          1[] 
 []


Overfull \hbox (27.74675pt too wide) in paragraph at lines 658--658
[]\OT1/cmtt/m/n/10 ## GSM26892.CEL GSM26892 PF28 EnPnT2N1G3      PF28     B    
          2[] 
 []


Overfull \hbox (27.74675pt too wide) in paragraph at lines 658--658
[]\OT1/cmtt/m/n/10 ## GSM26898.CEL GSM26898 PF34 EnPnT3N1G3      PF34     B    
          1[] 
 []


Overfull \hbox (27.74675pt too wide) in paragraph at lines 658--658
[]\OT1/cmtt/m/n/10 ## GSM26906.CEL GSM26906 PF42 EnPnT2N2G3      PF42     B    
         na[] 
 []

[18]
Package color Info: Redefining color shadecolor on input line 671.
Package color Info: Redefining color shadecolor on input line 693.
 [19]
Package color Info: Redefining color shadecolor on input line 720.
<images/graficvolcano1-1.pdf, id=384, 505.89pt x 505.89pt>
File: images/graficvolcano1-1.pdf Graphic file (type pdf)
<use images/graficvolcano1-1.pdf>
Package pdftex.def Info: images/graficvolcano1-1.pdf  used on input line 729.
(pdftex.def)             Requested size: 345.0pt x 345.00414pt.

Overfull \hbox (15.0pt too wide) in paragraph at lines 729--730
[][] 
 []

[20]
Overfull \hbox (8.445pt too wide) in paragraph at lines 754--755
[]\OT1/cmr/m/n/10 En este ejem-plo y con fines ilus-tra-tivos aceptare-mos que 
los p--valores obtenidos
 []


! Package inputenc Error: Keyboard character used is undefined
(inputenc)                in inputencoding `utf8'.

See the inputenc package documentation for explanation.
Type  H <return>  for immediate help.
 ...                                              
                                                  
l.765 ...nes [más] expresados diferencialmente}
                                                  
You need to provide a definition with \DeclareInputText 
or \DeclareInputMath before using this key.


! Package inputenc Error: Keyboard character used is undefined
(inputenc)                in inputencoding `utf8'.

See the inputenc package documentation for explanation.
Type  H <return>  for immediate help.
 ...                                              
                                                  
l.765 ...nes [más] expresados diferencialmente}
                                                  
You need to provide a definition with \DeclareInputText 
or \DeclareInputMath before using this key.

[21 <./images/graficvolcano1-1.pdf>]
Package color Info: Redefining color shadecolor on input line 770.

! Undefined control sequence.
l.798 ...ajustar los p--valores. El paquete \Rpack
                                                  {multtest} proporciona fun...
The control sequence at the end of the top line
of your error message was never \def'ed. If you have
misspelled it (e.g., `\hobx'), type `I' and the correct
spelling (e.g., `I\hbox'). Otherwise just continue,
and I'll forget about whatever was undefined.

Package color Info: Redefining color shadecolor on input line 801.

Overfull \hbox (45.23273pt too wide) in paragraph at lines 804--804
[][]\OT1/cmtt/m/it/10 #procs <- c("Bonferroni","Holm","Hochberg","SidakSS","Sid
akSD","BH", "BY")[][] 
 []

[22]
Package color Info: Redefining color shadecolor on input line 835.
 [23]
Package color Info: Redefining color shadecolor on input line 881.
Package color Info: Redefining color shadecolor on input line 916.
 [24]
Overfull \hbox (1.1388pt too wide) in paragraph at lines 948--950
[]\OT1/cmr/m/n/10 El an^^Salisis pro-por-ciona los es-tad^^S^^Psticos de test h
a-bit-uales como \OT1/cmtt/m/n/10 Fold--change
 []

Package color Info: Redefining color shadecolor on input line 959.

Overfull \hbox (95.99615pt too wide) in paragraph at lines 961--961
[][]\OT1/cmtt/m/n/10 topTab_AvsB[] []<-[] []topTable[] [](fit.main,[] []number[
][]=[][]nrow[][](fit.main),[] []coef[][]=[][]"AvsB"[][],[] []adjust[][]=[][]"fd
r"[][])[][] 
 []


Overfull \hbox (95.99615pt too wide) in paragraph at lines 962--962
[][]\OT1/cmtt/m/n/10 topTab_AvsL[] []<-[] []topTable[] [](fit.main,[] []number[
][]=[][]nrow[][](fit.main),[] []coef[][]=[][]"AvsL"[][],[] []adjust[][]=[][]"fd
r"[][])[][] 
 []


Overfull \hbox (106.49606pt too wide) in paragraph at lines 963--963
[][]\OT1/cmtt/m/n/10 topTab_BvsL[]  []<-[] []topTable[] [](fit.main,[] []number
[][]=[][]nrow[][](fit.main) ,[] []coef[][]=[][]"BvsL"[][],[] []adjust[][]=[][]"
fdr"[][])[][] 
 []


Overfull \hbox (1.16307pt too wide) in paragraph at lines 990--990
[]\OT1/cmr/bx/n/14.4 Post-procesado de las lis-tas de genes obtenidas 
 []


Overfull \hbox (7.83392pt too wide) in paragraph at lines 994--995
[]\OT1/cmr/m/n/10 Entre es-tas ex-plo-raciones --que pode-mos lla-mar gener-i-c
a-mente ``post-procesado
 []

[25]
Package color Info: Redefining color shadecolor on input line 1025.
Package color Info: Redefining color shadecolor on input line 1043.
Package color Info: Redefining color shadecolor on input line 1057.

Overfull \hbox (11.99689pt too wide) in paragraph at lines 1059--1059
[][]\OT1/cmtt/m/n/10 vennDiagram[] [](res.selected[,[][]1[][]:[][]3[][]],[] []m
ain[][]=[][]"Genes in common #1"[][],[] []cex[][]=[][]0.9[][])[][] 
 []

<images/graficvenn1-1.pdf, id=420, 505.89pt x 505.89pt>
File: images/graficvenn1-1.pdf Graphic file (type pdf)
<use images/graficvenn1-1.pdf>
Package pdftex.def Info: images/graficvenn1-1.pdf  used on input line 1062.
(pdftex.def)             Requested size: 345.0pt x 345.00414pt.
[26] [27 <./images/graficvenn1-1.pdf>]
Package color Info: Redefining color shadecolor on input line 1077.
 [28]
Package color Info: Redefining color shadecolor on input line 1149.

Overfull \hbox (6.74693pt too wide) in paragraph at lines 1157--1158
[]\OT1/cmtt/m/n/10 ## Warning in result_-fetch(res@ptr, n = n): SQL statements 
must be
 []


Overfull \hbox (11.99689pt too wide) in paragraph at lines 1157--1158
\OT1/cmtt/m/n/10 issued with dbExecute() or dbSendStatement() instead of dbGetQ
uery()
 []


Overfull \hbox (6.74693pt too wide) in paragraph at lines 1159--1159
[]\OT1/cmtt/m/n/10 ## Warning in result_-fetch(res@ptr, n = n): SQL statements 
must be
 []


Overfull \hbox (11.99689pt too wide) in paragraph at lines 1159--1159
\OT1/cmtt/m/n/10 issued with dbExecute() or dbSendStatement() instead of dbGetQ
uery()
 []

Package color Info: Redefining color shadecolor on input line 1176.

Overfull \hbox (74.99634pt too wide) in paragraph at lines 1180--1180
[][]\OT1/cmtt/m/n/10 listOfTables[] []<-[] []list[][]([][]AvsB[] []= topTab_Avs
B,[] []AvsL[] []= topTab_AvsL,[] []BvsL[] []= topTab_BvsL)[][] 
 []


Overfull \hbox (13.733pt too wide) in paragraph at lines 1187--1187
[]  []\OT1/cmtt/m/it/10 # Los convertimos a identificadores Entrez ("EG") y a G
ene Symbols[][] 
 []


Overfull \hbox (45.23273pt too wide) in paragraph at lines 1192--1192
[]  []\OT1/cmtt/m/it/10 # Preparamos el data.frame con el que se crear^^Sa el a
rchivo de resultados[][] 
 []


Overfull \hbox (22.4968pt too wide) in paragraph at lines 1193--1193
[]  []\OT1/cmtt/m/n/10 otherNames[] []=[] []data.frame[][](selectedIDs, simbols
, topTab[whichGenes,[][]-[][]1[][]])[][] 
 []


Overfull \hbox (27.74675pt too wide) in paragraph at lines 1194--1194
[]  []\OT1/cmtt/m/n/10 names[][](otherNames)[] []=[] []c[][]([][]"Affy ID"[][],
[] []"Gene Symbol"[][],[] []colnames[][](topTab)[[][]-[][]1[][]])[][] 
 []


Overfull \hbox (69.74638pt too wide) in paragraph at lines 1199--1199
[]           []\OT1/cmtt/m/n/10 paste[][]([][]"Selected Genes in comparison "[]
[],comparison,[][]".html"[][],[] []sep[][]=[][]""[][])) ,[][] 
 []


Overfull \hbox (101.24611pt too wide) in paragraph at lines 1200--1200
[]           []\OT1/cmtt/m/n/10 title[] []=[] []paste[][]([][]"Diff. expressed 
genes in comparison "[][], comparison,[] []sep[][]=[][]""[][]),[][] 
 []

[29]
Package color Info: Redefining color shadecolor on input line 1214.

Overfull \hbox (6.74693pt too wide) in paragraph at lines 1219--1219
[][]\OT1/cmtt/m/n/10 SymbolsA[] []<-[] []getSYMBOL[] []([][]rownames[][](topTab
_AvsB),[] []annotation[][](eset_rma))[][] 
 []


Overfull \hbox (237.74492pt too wide) in paragraph at lines 1220--1220
[][]\OT1/cmtt/m/n/10 ExpressAndTop_AvsB[] []<-[] []cbind[][](SymbolsA, EntrezsA
, topTab_AvsB,[] []exprs[][](eset_filtered)[[][]rownames[][](topTab_AvsB),[] []
1[][]:[][]10[][]])[][] 
 []


Overfull \hbox (74.99634pt too wide) in paragraph at lines 1221--1221
[][]\OT1/cmtt/m/n/10 write.csv2[][](ExpressAndTop_AvsB,[] []file.path[][](resul
tsDir,[] []"ExpressAndTop_AvsB.csv2"[][]))[][] 
 []


Overfull \hbox (6.74693pt too wide) in paragraph at lines 1224--1224
[][]\OT1/cmtt/m/n/10 SymbolsA[] []<-[] []getSYMBOL[] []([][]rownames[][](topTab
_AvsL),[] []annotation[][](eset_rma))[][] 
 []


Overfull \hbox (279.74455pt too wide) in paragraph at lines 1225--1225
[][]\OT1/cmtt/m/n/10 ExpressAndTop_AvsL[] []<-[] []cbind[][](SymbolsA, EntrezsA
, topTab_AvsL,[] []exprs[][](eset_filtered)[[][]rownames[][](topTab_AvsL),[] []
c[][]([][]1[][]:[][]5[][],[][]11[][]:[][]15[][])])[][] 
 []


Overfull \hbox (74.99634pt too wide) in paragraph at lines 1226--1226
[][]\OT1/cmtt/m/n/10 write.csv2[][](ExpressAndTop_AvsL,[] []file.path[][](resul
tsDir,[] []"ExpressAndTop_AvsL.csv2"[][]))[][] 
 []


Overfull \hbox (6.74693pt too wide) in paragraph at lines 1229--1229
[][]\OT1/cmtt/m/n/10 SymbolsA[] []<-[] []getSYMBOL[] []([][]rownames[][](topTab
_BvsL),[] []annotation[][](eset_rma))[][] 
 []


Overfull \hbox (237.74492pt too wide) in paragraph at lines 1230--1230
[][]\OT1/cmtt/m/n/10 ExpressAndTop_BvsL[] []<-[] []cbind[][](SymbolsA, EntrezsA
, topTab_BvsL,[] []exprs[][](eset_filtered)[[][]rownames[][](topTab_BvsL),[] []
6[][]:[][]15[][]])[][] 
 []


Overfull \hbox (74.99634pt too wide) in paragraph at lines 1231--1231
[][]\OT1/cmtt/m/n/10 write.csv2[][](ExpressAndTop_BvsL,[] []file.path[][](resul
tsDir,[] []"ExpressAndTop_BvsL.csv2"[][]))[][] 
 []

[30]
Package color Info: Redefining color shadecolor on input line 1249.
Package color Info: Redefining color shadecolor on input line 1275.

Overfull \hbox (64.49643pt too wide) in paragraph at lines 1278--1278
[][]\OT1/cmtt/m/n/10 heatmap[][](exprs2cluster,[] []col[][]=[][]rainbow[][]([][
]100[][]),[] []ColSideColors[][]=grupColors,[] []cexCol[][]=[][]0.9[][])[][] 
 []

<images/graficplotHeatMap1-1.pdf, id=449, 505.89pt x 505.89pt>
File: images/graficplotHeatMap1-1.pdf Graphic file (type pdf)
<use images/graficplotHeatMap1-1.pdf>
Package pdftex.def Info: images/graficplotHeatMap1-1.pdf  used on input line 12
81.
(pdftex.def)             Requested size: 345.0pt x 345.00414pt.
Package color Info: Redefining color shadecolor on input line 1295.
<images/graficplotHeatMap2-1.pdf, id=450, 505.89pt x 505.89pt>
File: images/graficplotHeatMap2-1.pdf Graphic file (type pdf)
<use images/graficplotHeatMap2-1.pdf>
Package pdftex.def Info: images/graficplotHeatMap2-1.pdf  used on input line 13
05.
(pdftex.def)             Requested size: 345.0pt x 345.00414pt.
Package color Info: Redefining color shadecolor on input line 1323.

Overfull \hbox (74.99634pt too wide) in paragraph at lines 1326--1326
[][]\OT1/cmtt/m/n/10 listOfTables[] []<-[] []list[][]([][]AvsB[] []= topTab_Avs
B,[] []AvsL[] []= topTab_AvsL,[] []BvsL[] []= topTab_BvsL)[][] 
 []


Overfull \hbox (76.73245pt too wide) in paragraph at lines 1330--1330
[]  []\OT1/cmtt/m/it/10 # Definimos el universo de genes: todos los que se han 
incluido en el an^^Salisis[][] 
 []


Overfull \hbox (50.48268pt too wide) in paragraph at lines 1331--1331
[]  []\OT1/cmtt/m/it/10 # EL programa trabaja con identificadores "entrez" y no
 admite duplicados[][] 
 []


Overfull \hbox (50.48268pt too wide) in paragraph at lines 1337--1337
[]  []\OT1/cmtt/m/it/10 # por lo que es habitual basarse en p-valores sin ajust
ar para incluirlos[][] 
 []


Overfull \hbox (27.74675pt too wide) in paragraph at lines 1340--1340
[]  []\OT1/cmtt/m/n/10 geneIds[] []<-[]   []unique[][]([][]getEG[][]([][]rownam
es[][](topTab)[whichGenes],[][]"hgu133a.db"[][]))[][] 
 []


Overfull \hbox (59.24648pt too wide) in paragraph at lines 1364--1364
[]  []\OT1/cmtt/m/n/10 htmlReport[][](GOhyper,[] []file[] []= GOfilename,[] []s
ummary.args[][]=[][]list[][]([][]"htmlLinks"[][]=[][]TRUE[][]))[][] 
 []


Overfull \hbox (92.48232pt too wide) in paragraph at lines 1365--1365
[]  []\OT1/cmtt/m/it/10 # htmlReport(KEGGhyper, file = KEGGfilename, summary.ar
gs=list("htmlLinks"=TRUE))[][] 
 []

[31] [32 <./images/graficplotHeatMap1-1.pdf>] [33 <./images/graficplotHeatMap2-
1.pdf>] [34]
Package color Info: Redefining color shadecolor on input line 1391.

Overfull \hbox (17.24684pt too wide) in paragraph at lines 1411--1411
[]  []\OT1/cmtt/m/n/10 gsSymbol[[[][]colnames[][](geneSets[i])]][] []<-[] []uni
que[][](gsSymb[[][]![][]is.na[][](gsSymb)])[][] 
 []

Package color Info: Redefining color shadecolor on input line 1420.

Overfull \hbox (85.49625pt too wide) in paragraph at lines 1423--1423
[][]\OT1/cmtt/m/n/10 esetUnique[] []<-[] []featureFilter[][](eset_rma,[] []requ
ire.entrez[][]=[][]TRUE[][],[] []remove.dupEntrez[][]=[][]FALSE[][])[][] 
 []


Overfull \hbox (80.24629pt too wide) in paragraph at lines 1430--1430
[][]\OT1/cmtt/m/n/10 esetUnique[] []<-[] []featureFilter[][](eset_rma,[] []requ
ire.entrez[][]=[][]TRUE[][],[] []remove.dupEntrez[][]=[][]TRUE[][])[][] 
 []


Overfull \hbox (27.74675pt too wide) in paragraph at lines 1463--1463
[]\OT1/cmtt/m/n/10 ##                Sample             Ids SampleIDs Group Apo
crine.grade[] 
 []


Overfull \hbox (27.74675pt too wide) in paragraph at lines 1463--1463
[]\OT1/cmtt/m/n/10 ## GSM26878.CEL GSM26878 PF14 EnPnT2N1G2      PF14     A    
          3[] 
 []


Overfull \hbox (27.74675pt too wide) in paragraph at lines 1463--1463
[]\OT1/cmtt/m/n/10 ## GSM26883.CEL GSM26883 PF19 EnPuT4N0Gu      PF19     A    
          2[] 
 []


Overfull \hbox (27.74675pt too wide) in paragraph at lines 1463--1463
[]\OT1/cmtt/m/n/10 ## GSM26887.CEL GSM26887 PF23 EnPnT2N0G2      PF23     A    
          3[] 
 []


Overfull \hbox (27.74675pt too wide) in paragraph at lines 1463--1463
[]\OT1/cmtt/m/n/10 ## GSM26903.CEL GSM26903 PF39 EnPuT4N0Gu      PF39     A    
          3[] 
 []


Overfull \hbox (27.74675pt too wide) in paragraph at lines 1463--1463
[]\OT1/cmtt/m/n/10 ## GSM26910.CEL GSM26910 PF46 EnPnT4N1G3      PF46     A    
          3[] 
 []


Overfull \hbox (27.74675pt too wide) in paragraph at lines 1463--1463
[]\OT1/cmtt/m/n/10 ## GSM26888.CEL GSM26888 PF24 EnPnTiN0G3      PF24     B    
          2[] 
 []


Overfull \hbox (27.74675pt too wide) in paragraph at lines 1463--1463
[]\OT1/cmtt/m/n/10 ## GSM26889.CEL GSM26889 PF25 EnPnT3N2G2      PF25     B    
          1[] 
 []


Overfull \hbox (27.74675pt too wide) in paragraph at lines 1463--1463
[]\OT1/cmtt/m/n/10 ## GSM26892.CEL GSM26892 PF28 EnPnT2N1G3      PF28     B    
          2[] 
 []


Overfull \hbox (27.74675pt too wide) in paragraph at lines 1463--1463
[]\OT1/cmtt/m/n/10 ## GSM26898.CEL GSM26898 PF34 EnPnT3N1G3      PF34     B    
          1[] 
 []


Overfull \hbox (27.74675pt too wide) in paragraph at lines 1463--1463
[]\OT1/cmtt/m/n/10 ## GSM26906.CEL GSM26906 PF42 EnPnT2N2G3      PF42     B    
         na[] 
 []

[35]
Package color Info: Redefining color shadecolor on input line 1476.

Overfull \hbox (206.2452pt too wide) in paragraph at lines 1479--1479
[][]\OT1/cmtt/m/n/10 GSA.obj[][]<-[][]GSA[][](xAB, yAB,[] []genenames[][]=entre
zs,[] []genesets[][]=gsEntrez,[]  []resp.type[][]=[][]"Two class unpaired"[][],
[] []nperms[][]=[][]100[][])[][] 
 []

[36]
Package color Info: Redefining color shadecolor on input line 1533.

Overfull \hbox (53.99652pt too wide) in paragraph at lines 1535--1535
[][]\OT1/cmtt/m/n/10 geneset.obj[] []<-[] []GSA.read.gmt[][]([][]file.path[][](
dataDir,[][]"c2.cp.kegg.v5.1.entrez.gmt"[][]))[][] 
 []


Overfull \hbox (284.9945pt too wide) in paragraph at lines 1536--1536
[][]\OT1/cmtt/m/n/10 GSA.obj2[] []<-[] []GSA[][](xAB, yAB,[] []genenames[][]=en
trezs,[] []genesets[][]=geneset.obj[][]$[][]genesets,[]  []resp.type[][]=[][]"T
wo class unpaired"[][],[] []nperms[][]=[][]100[][])[][] 
 []


Overfull \hbox (48.74657pt too wide) in paragraph at lines 1537--1537
[][]\OT1/cmtt/m/n/10 GSA.listsets[] [](GSA.obj2,[] []geneset.names[][]=geneset.
obj[][]$[][]geneset.names,[] []FDRcut[][]=[][].5[][])[][] 
 []

[37] (./EjemploAnalisisMicroarrays.bbl [38]) [39]
Package atveryend Info: Empty hook `BeforeClearDocument' on input line 1590.
 [40]
Package atveryend Info: Empty hook `AfterLastShipout' on input line 1590.

(./EjemploAnalisisMicroarrays.aux)
Package atveryend Info: Executing hook `AtVeryEndDocument' on input line 1590.
Package atveryend Info: Executing hook `AtEndAfterFileList' on input line 1590.

Package rerunfilecheck Info: File `EjemploAnalisisMicroarrays.out' has not chan
ged.
(rerunfilecheck)             Checksum: 78316C11272367E4705C18109A5C9343;3599.
Package atveryend Info: Empty hook `AtVeryVeryEnd' on input line 1590.
 ) 
Here is how much of TeX's memory you used:
 5850 strings out of 494923
 85917 string characters out of 6180741
 177916 words of memory out of 5000000
 8977 multiletter control sequences out of 15000+600000
 8577 words of font info for 31 fonts, out of 8000000 for 9000
 14 hyphenation exceptions out of 8191
 28i,8n,31p,838b,430s stack positions out of 5000i,500n,10000p,200000b,80000s
</usr/share/texlive/texmf-dist/fonts/type1/public/amsfonts/cm/cmbx10.pfb></us
r/share/texlive/texmf-dist/fonts/type1/public/amsfonts/cm/cmbx12.pfb></usr/shar
e/texlive/texmf-dist/fonts/type1/public/amsfonts/cm/cmitt10.pfb></usr/share/tex
live/texmf-dist/fonts/type1/public/amsfonts/cm/cmmi10.pfb></usr/share/texlive/t
exmf-dist/fonts/type1/public/amsfonts/cm/cmr10.pfb></usr/share/texlive/texmf-di
st/fonts/type1/public/amsfonts/cm/cmr12.pfb></usr/share/texlive/texmf-dist/font
s/type1/public/amsfonts/cm/cmr17.pfb></usr/share/texlive/texmf-dist/fonts/type1
/public/amsfonts/cm/cmr6.pfb></usr/share/texlive/texmf-dist/fonts/type1/public/
amsfonts/cm/cmr7.pfb></usr/share/texlive/texmf-dist/fonts/type1/public/amsfonts
/cm/cmr8.pfb></usr/share/texlive/texmf-dist/fonts/type1/public/amsfonts/cm/cmsy
10.pfb></usr/share/texlive/texmf-dist/fonts/type1/public/amsfonts/cm/cmsy7.pfb>
</usr/share/texlive/texmf-dist/fonts/type1/public/amsfonts/cm/cmti10.pfb></usr/
share/texlive/texmf-dist/fonts/type1/public/amsfonts/cm/cmtt10.pfb>
Output written on EjemploAnalisisMicroarrays.pdf (40 pages, 1716714 bytes).
PDF statistics:
 597 PDF objects out of 1000 (max. 8388607)
 512 compressed objects within 6 object streams
 112 named destinations out of 1000 (max. 500000)
 373 words of extra memory for PDF output out of 10000 (max. 10000000)

